build/app/intermediates/manifest_merge_blame_file/release/manifest-merger-blame-release-report.txt
1<?xml version="1.0" encoding="utf-8"?>
2<manifest xmlns:android="http://schemas.android.com/apk/res/android"
3    package="com.example.rend"
4    android:versionCode="1"
5    android:versionName="1.0.0" >
6
7    <uses-sdk
8        android:minSdkVersion="21"
8-->src/main/AndroidManifest.xml
9        android:targetSdkVersion="28" />
9-->src/main/AndroidManifest.xml
10
11    <uses-permission android:name="android.permission.INTERNET" />
11-->src/main/AndroidManifest.xml:32:5-66
11-->src/main/AndroidManifest.xml:32:22-64
12    <uses-permission android:name="android.permission.READ_EXTERNAL_STORAGE" />
12-->[:image_picker] AndroidManifest.xml:7:5-80
12-->[:image_picker] AndroidManifest.xml:7:22-77
13    <uses-permission android:name="android.permission.WRITE_EXTERNAL_STORAGE" />
13-->[:image_picker] AndroidManifest.xml:8:5-81
13-->[:image_picker] AndroidManifest.xml:8:22-78
14    <!--
15 io.flutter.app.FlutterApplication is an android.app.Application that
16         calls FlutterMain.startInitialization(this); in its onCreate method.
17         In most cases you can leave this as-is, but you if you want to provide
18         additional functionality it is fine to subclass or reimplement
19         FlutterApplication and put your custom class here.
20    -->
21    <application
21-->src/main/AndroidManifest.xml:8:5-31:19
22        android:name="io.flutter.app.FlutterApplication"
22-->src/main/AndroidManifest.xml:10:9-57
23        android:appComponentFactory="androidx.core.app.CoreComponentFactory"
23-->[androidx.core:core:1.1.0] AndroidManifest.xml:24:18-86
24        android:icon="@mipmap/ic_launcher"
24-->src/main/AndroidManifest.xml:12:9-43
25        android:label="rend" >
25-->src/main/AndroidManifest.xml:11:9-29
26        <activity
26-->src/main/AndroidManifest.xml:13:9-25:20
27            android:name="com.example.rend.MainActivity"
27-->src/main/AndroidManifest.xml:14:13-41
28            android:configChanges="orientation|keyboardHidden|keyboard|screenSize|smallestScreenSize|locale|layoutDirection|fontScale|screenLayout|density|uiMode"
28-->src/main/AndroidManifest.xml:17:13-163
29            android:hardwareAccelerated="true"
29-->src/main/AndroidManifest.xml:18:13-47
30            android:launchMode="singleTop"
30-->src/main/AndroidManifest.xml:15:13-43
31            android:theme="@style/LaunchTheme"
31-->src/main/AndroidManifest.xml:16:13-47
32            android:windowSoftInputMode="adjustResize" >
32-->src/main/AndroidManifest.xml:19:13-55
33            <intent-filter>
33-->src/main/AndroidManifest.xml:21:13-24:29
34                <action android:name="android.intent.action.MAIN" />
34-->src/main/AndroidManifest.xml:22:17-68
34-->src/main/AndroidManifest.xml:22:25-66
35
36                <category android:name="android.intent.category.LAUNCHER" />
36-->src/main/AndroidManifest.xml:23:17-76
36-->src/main/AndroidManifest.xml:23:27-74
37            </intent-filter>
38        </activity>
39        <!--
40             Don't delete the meta-data below.
41             This is used by the Flutter tool to generate GeneratedPluginRegistrant.java
42        -->
43        <meta-data
43-->src/main/AndroidManifest.xml:28:9-30:33
44            android:name="flutterEmbedding"
44-->src/main/AndroidManifest.xml:29:13-44
45            android:value="2" />
45-->src/main/AndroidManifest.xml:30:13-30
46
47        <provider
47-->[:image_picker] AndroidManifest.xml:11:9-19:20
48            android:name="io.flutter.plugins.imagepicker.ImagePickerFileProvider"
48-->[:image_picker] AndroidManifest.xml:12:13-82
49            android:authorities="com.example.rend.flutter.image_provider"
49-->[:image_picker] AndroidManifest.xml:13:13-74
50            android:exported="false"
50-->[:image_picker] AndroidManifest.xml:14:13-37
51            android:grantUriPermissions="true" >
51-->[:image_picker] AndroidManifest.xml:15:13-47
52            <meta-data
52-->[:image_picker] AndroidManifest.xml:16:13-18:75
53                android:name="android.support.FILE_PROVIDER_PATHS"
53-->[:image_picker] AndroidManifest.xml:17:17-67
54                android:resource="@xml/flutter_image_picker_file_paths" />
54-->[:image_picker] AndroidManifest.xml:18:17-72
55        </provider>
56    </application>
57
58</manifest>